<?xml version="1.0" encoding="UTF-8"?>
<!-- Generated by org.testng.reporters.JUnitReportReporter -->
<testsuite hostname="IITMSPC75" failures="0" tests="3" name="academicui.Grpoudemotest" time="0.013" errors="0" timestamp="2023-04-07T16:47:21 IST" skipped="0">
  <testcase classname="academicui.Grpoudemotest" name="btest2" time="0.001"/>
  <system-out/>
  <testcase classname="academicui.Grpoudemotest" name="btest1" time="0.011"/>
  <system-out/>
  <testcase classname="academicui.Grpoudemotest" name="btest3" time="0.001"/>
  <system-out/>
</testsuite> <!-- academicui.Grpoudemotest -->
