<?xml version="1.0" encoding="UTF-8"?>
<!-- Generated by org.testng.reporters.JUnitReportReporter -->
<testsuite hostname="IITMSPC75" failures="0" tests="1" name="Title.verifytitletest" time="5.760" errors="0" timestamp="2023-04-05T18:07:32 IST" skipped="0">
  <testcase classname="Title.verifytitletest" name="titleTest" time="5.760"/>
  <system-out/>
</testsuite> <!-- Title.verifytitletest -->
