<?xml version="1.0" encoding="UTF-8"?>
<!-- Generated by org.testng.reporters.JUnitReportReporter -->
<testsuite hostname="IITMSPC75" failures="0" tests="2" name="academicui.Login" time="0.010" errors="0" timestamp="2023-04-07T16:46:59 IST" skipped="0">
  <testcase classname="academicui.Login" name="LoginTest" time="0.003"/>
  <system-out/>
  <testcase classname="academicui.Login" name="LogOut" time="0.007"/>
  <system-out/>
</testsuite> <!-- academicui.Login -->
